LOG_INFO:httpx: HTTP Request: GET http://testserver/ "HTTP/1.1 200 OK"
LOG_INFO:httpx: HTTP Request: GET http://testserver/slow "HTTP/1.1 200 OK"
LOG_INFO:httpx: HTTP Request: GET http://testserver/error "HTTP/1.1 500 Internal Server Error"
LOG_INFO:httpx: HTTP Request: GET http://testserver/flaky "HTTP/1.1 200 OK"
LOG_INFO:httpx: HTTP Request: GET http://testserver/chaos "HTTP/1.1 200 OK"
LOG_INFO:httpx: HTTP Request: GET http://testserver/secure "HTTP/1.1 401 Unauthorized"
LOG_INFO:httpx: HTTP Request: GET http://testserver/admin "HTTP/1.1 401 Unauthorized"
LOG_INFO:httpx: HTTP Request: POST http://testserver/login "HTTP/1.1 200 OK"
LOG_INFO:httpx: HTTP Request: POST http://testserver/login "HTTP/1.1 200 OK"
LOG_INFO:httpx: HTTP Request: GET http://testserver/secure "HTTP/1.1 200 OK"
LOG_INFO:httpx: HTTP Request: POST http://testserver/login "HTTP/1.1 200 OK"
LOG_INFO:httpx: HTTP Request: GET http://testserver/admin "HTTP/1.1 200 OK"
LOG_INFO:httpx: HTTP Request: POST http://testserver/submit "HTTP/1.1 200 OK"
LOG_INFO:httpx: HTTP Request: GET http://testserver/items "HTTP/1.1 200 OK"
LOG_INFO:httpx: HTTP Request: POST http://testserver/items "HTTP/1.1 200 OK"
LOG_INFO:httpx: HTTP Request: POST http://testserver/items "HTTP/1.1 200 OK"
LOG_INFO:httpx: HTTP Request: GET http://testserver/items/1 "HTTP/1.1 200 OK"
LOG_INFO:httpx: HTTP Request: POST http://testserver/items "HTTP/1.1 200 OK"
LOG_INFO:httpx: HTTP Request: DELETE http://testserver/items/1 "HTTP/1.1 200 OK"
LOG_INFO:httpx: HTTP Request: POST http://testserver/items "HTTP/1.1 200 OK"
LOG_INFO:httpx: HTTP Request: DELETE http://testserver/items/1 "HTTP/1.1 200 OK"
LOG_INFO:httpx: HTTP Request: GET http://testserver/items/1 "HTTP/1.1 404 Not Found"
LOG_INFO:httpx: HTTP Request: GET http://testserver/ "HTTP/1.1 200 OK"
LOG_INFO:httpx: HTTP Request: GET http://testserver/ "HTTP/1.1 200 OK"
LOG_INFO:httpx: HTTP Request: GET http://testserver/items "HTTP/1.1 200 OK"
LOG_INFO:httpx: HTTP Request: POST http://testserver/items "HTTP/1.1 200 OK"
LOG_INFO:httpx: HTTP Request: POST http://testserver/items "HTTP/1.1 200 OK"
LOG_INFO:httpx: HTTP Request: GET http://testserver/items "HTTP/1.1 200 OK"
LOG_INFO:httpx: HTTP Request: POST http://testserver/items "HTTP/1.1 200 OK"
LOG_INFO:httpx: HTTP Request: GET http://testserver/items/1 "HTTP/1.1 200 OK"
LOG_INFO:httpx: HTTP Request: POST http://testserver/items "HTTP/1.1 200 OK"
LOG_INFO:httpx: HTTP Request: POST http://testserver/items "HTTP/1.1 200 OK"
LOG_INFO:httpx: HTTP Request: GET http://testserver/items/2 "HTTP/1.1 200 OK"
LOG_INFO:httpx: HTTP Request: POST http://testserver/login "HTTP/1.1 200 OK"
LOG_INFO:httpx: HTTP Request: POST http://testserver/login "HTTP/1.1 200 OK"
LOG_INFO:httpx: HTTP Request: GET http://testserver/secure "HTTP/1.1 401 Unauthorized"
LOG_INFO:httpx: HTTP Request: GET http://testserver/admin "HTTP/1.1 401 Unauthorized"
LOG_INFO:httpx: HTTP Request: POST http://testserver/submit "HTTP/1.1 200 OK"
LOG_INFO:httpx: HTTP Request: POST http://testserver/submit "HTTP/1.1 200 OK"
LOG_INFO:httpx: HTTP Request: POST http://testserver/items "HTTP/1.1 200 OK"
LOG_INFO:httpx: HTTP Request: GET http://testserver/flaky "HTTP/1.1 500 Internal Server Error"
LOG_INFO:httpx: HTTP Request: GET http://testserver/chaos "HTTP/1.1 500 Internal Server Error"
LOG_INFO:httpx: HTTP Request: DELETE http://testserver/items/999 "HTTP/1.1 404 Not Found"
LOG_INFO:httpx: HTTP Request: GET http://testserver/items/999 "HTTP/1.1 404 Not Found"
LOG_INFO:httpx: HTTP Request: POST http://testserver/login "HTTP/1.1 200 OK"
USING RUNNER: behave.runner:Runner
2 features passed, 0 failed, 0 skipped
34 scenarios passed, 0 failed, 0 skipped
126 steps passed, 0 failed, 0 skipped
Took 0min 6.133s
LOG_INFO:httpx: HTTP Request: GET http://testserver/ "HTTP/1.1 200 OK"
LOG_INFO:httpx: HTTP Request: GET http://testserver/slow "HTTP/1.1 200 OK"
LOG_INFO:httpx: HTTP Request: GET http://testserver/error "HTTP/1.1 500 Internal Server Error"
LOG_INFO:httpx: HTTP Request: GET http://testserver/flaky "HTTP/1.1 500 Internal Server Error"
LOG_INFO:httpx: HTTP Request: GET http://testserver/chaos "HTTP/1.1 200 OK"
LOG_INFO:httpx: HTTP Request: GET http://testserver/secure "HTTP/1.1 401 Unauthorized"
LOG_INFO:httpx: HTTP Request: GET http://testserver/admin "HTTP/1.1 401 Unauthorized"
LOG_INFO:httpx: HTTP Request: POST http://testserver/login "HTTP/1.1 200 OK"
LOG_INFO:httpx: HTTP Request: POST http://testserver/login "HTTP/1.1 200 OK"
LOG_INFO:httpx: HTTP Request: GET http://testserver/secure "HTTP/1.1 200 OK"
LOG_INFO:httpx: HTTP Request: POST http://testserver/login "HTTP/1.1 200 OK"
LOG_INFO:httpx: HTTP Request: GET http://testserver/admin "HTTP/1.1 200 OK"
LOG_INFO:httpx: HTTP Request: POST http://testserver/submit "HTTP/1.1 200 OK"
LOG_INFO:httpx: HTTP Request: GET http://testserver/items "HTTP/1.1 200 OK"
LOG_INFO:httpx: HTTP Request: POST http://testserver/items "HTTP/1.1 200 OK"
LOG_INFO:httpx: HTTP Request: POST http://testserver/items "HTTP/1.1 200 OK"
LOG_INFO:httpx: HTTP Request: GET http://testserver/items/1 "HTTP/1.1 200 OK"
LOG_INFO:httpx: HTTP Request: POST http://testserver/items "HTTP/1.1 200 OK"
LOG_INFO:httpx: HTTP Request: DELETE http://testserver/items/1 "HTTP/1.1 200 OK"
LOG_INFO:httpx: HTTP Request: POST http://testserver/items "HTTP/1.1 200 OK"
LOG_INFO:httpx: HTTP Request: DELETE http://testserver/items/1 "HTTP/1.1 200 OK"
LOG_INFO:httpx: HTTP Request: GET http://testserver/items/1 "HTTP/1.1 404 Not Found"
LOG_INFO:httpx: HTTP Request: GET http://testserver/ "HTTP/1.1 200 OK"
LOG_INFO:httpx: HTTP Request: GET http://testserver/ "HTTP/1.1 200 OK"
LOG_INFO:httpx: HTTP Request: GET http://testserver/items "HTTP/1.1 200 OK"
LOG_INFO:httpx: HTTP Request: POST http://testserver/items "HTTP/1.1 200 OK"
LOG_INFO:httpx: HTTP Request: POST http://testserver/items "HTTP/1.1 200 OK"
LOG_INFO:httpx: HTTP Request: GET http://testserver/items "HTTP/1.1 200 OK"
LOG_INFO:httpx: HTTP Request: POST http://testserver/items "HTTP/1.1 200 OK"
LOG_INFO:httpx: HTTP Request: GET http://testserver/items/1 "HTTP/1.1 200 OK"
LOG_INFO:httpx: HTTP Request: POST http://testserver/items "HTTP/1.1 200 OK"
LOG_INFO:httpx: HTTP Request: POST http://testserver/items "HTTP/1.1 200 OK"
LOG_INFO:httpx: HTTP Request: GET http://testserver/items/2 "HTTP/1.1 200 OK"
LOG_INFO:httpx: HTTP Request: POST http://testserver/login "HTTP/1.1 200 OK"
LOG_INFO:httpx: HTTP Request: POST http://testserver/login "HTTP/1.1 200 OK"
LOG_INFO:httpx: HTTP Request: GET http://testserver/secure "HTTP/1.1 401 Unauthorized"
LOG_INFO:httpx: HTTP Request: GET http://testserver/admin "HTTP/1.1 401 Unauthorized"
LOG_INFO:httpx: HTTP Request: POST http://testserver/submit "HTTP/1.1 200 OK"
LOG_INFO:httpx: HTTP Request: POST http://testserver/submit "HTTP/1.1 200 OK"
LOG_INFO:httpx: HTTP Request: POST http://testserver/items "HTTP/1.1 200 OK"
LOG_INFO:httpx: HTTP Request: GET http://testserver/flaky "HTTP/1.1 500 Internal Server Error"
LOG_INFO:httpx: HTTP Request: GET http://testserver/chaos "HTTP/1.1 200 OK"
LOG_INFO:httpx: HTTP Request: DELETE http://testserver/items/999 "HTTP/1.1 404 Not Found"
LOG_INFO:httpx: HTTP Request: GET http://testserver/items/999 "HTTP/1.1 404 Not Found"
LOG_INFO:httpx: HTTP Request: POST http://testserver/login "HTTP/1.1 200 OK"
USING RUNNER: behave.runner:Runner
2 features passed, 0 failed, 0 skipped
34 scenarios passed, 0 failed, 0 skipped
126 steps passed, 0 failed, 0 skipped
Took 0min 5.754s
LOG_INFO:httpx: HTTP Request: GET http://testserver/ "HTTP/1.1 200 OK"
LOG_INFO:httpx: HTTP Request: GET http://testserver/slow "HTTP/1.1 200 OK"
LOG_INFO:httpx: HTTP Request: GET http://testserver/error "HTTP/1.1 500 Internal Server Error"
LOG_INFO:httpx: HTTP Request: GET http://testserver/flaky "HTTP/1.1 200 OK"
LOG_INFO:httpx: HTTP Request: GET http://testserver/chaos "HTTP/1.1 200 OK"
LOG_INFO:httpx: HTTP Request: GET http://testserver/secure "HTTP/1.1 401 Unauthorized"
LOG_INFO:httpx: HTTP Request: GET http://testserver/admin "HTTP/1.1 401 Unauthorized"
LOG_INFO:httpx: HTTP Request: POST http://testserver/login "HTTP/1.1 200 OK"
LOG_INFO:httpx: HTTP Request: POST http://testserver/login "HTTP/1.1 200 OK"
LOG_INFO:httpx: HTTP Request: GET http://testserver/secure "HTTP/1.1 200 OK"
LOG_INFO:httpx: HTTP Request: POST http://testserver/login "HTTP/1.1 200 OK"
LOG_INFO:httpx: HTTP Request: GET http://testserver/admin "HTTP/1.1 200 OK"
LOG_INFO:httpx: HTTP Request: POST http://testserver/submit "HTTP/1.1 200 OK"
LOG_INFO:httpx: HTTP Request: GET http://testserver/items "HTTP/1.1 200 OK"
LOG_INFO:httpx: HTTP Request: POST http://testserver/items "HTTP/1.1 200 OK"
LOG_INFO:httpx: HTTP Request: POST http://testserver/items "HTTP/1.1 200 OK"
LOG_INFO:httpx: HTTP Request: GET http://testserver/items/1 "HTTP/1.1 200 OK"
LOG_INFO:httpx: HTTP Request: POST http://testserver/items "HTTP/1.1 200 OK"
LOG_INFO:httpx: HTTP Request: DELETE http://testserver/items/1 "HTTP/1.1 200 OK"
LOG_INFO:httpx: HTTP Request: POST http://testserver/items "HTTP/1.1 200 OK"
LOG_INFO:httpx: HTTP Request: DELETE http://testserver/items/1 "HTTP/1.1 200 OK"
LOG_INFO:httpx: HTTP Request: GET http://testserver/items/1 "HTTP/1.1 404 Not Found"
LOG_INFO:httpx: HTTP Request: GET http://testserver/ "HTTP/1.1 200 OK"
LOG_INFO:httpx: HTTP Request: GET http://testserver/ "HTTP/1.1 200 OK"
LOG_INFO:httpx: HTTP Request: GET http://testserver/items "HTTP/1.1 200 OK"
LOG_INFO:httpx: HTTP Request: POST http://testserver/items "HTTP/1.1 200 OK"
LOG_INFO:httpx: HTTP Request: POST http://testserver/items "HTTP/1.1 200 OK"
LOG_INFO:httpx: HTTP Request: GET http://testserver/items "HTTP/1.1 200 OK"
LOG_INFO:httpx: HTTP Request: POST http://testserver/items "HTTP/1.1 200 OK"
LOG_INFO:httpx: HTTP Request: GET http://testserver/items/1 "HTTP/1.1 200 OK"
LOG_INFO:httpx: HTTP Request: POST http://testserver/items "HTTP/1.1 200 OK"
LOG_INFO:httpx: HTTP Request: POST http://testserver/items "HTTP/1.1 200 OK"
LOG_INFO:httpx: HTTP Request: GET http://testserver/items/2 "HTTP/1.1 200 OK"
LOG_INFO:httpx: HTTP Request: POST http://testserver/login "HTTP/1.1 200 OK"
LOG_INFO:httpx: HTTP Request: POST http://testserver/login "HTTP/1.1 200 OK"
LOG_INFO:httpx: HTTP Request: GET http://testserver/secure "HTTP/1.1 401 Unauthorized"
LOG_INFO:httpx: HTTP Request: GET http://testserver/admin "HTTP/1.1 401 Unauthorized"
LOG_INFO:httpx: HTTP Request: POST http://testserver/submit "HTTP/1.1 200 OK"
LOG_INFO:httpx: HTTP Request: POST http://testserver/submit "HTTP/1.1 200 OK"
LOG_INFO:httpx: HTTP Request: POST http://testserver/items "HTTP/1.1 200 OK"
LOG_INFO:httpx: HTTP Request: GET http://testserver/flaky "HTTP/1.1 200 OK"
LOG_INFO:httpx: HTTP Request: GET http://testserver/chaos "HTTP/1.1 500 Internal Server Error"
LOG_INFO:httpx: HTTP Request: DELETE http://testserver/items/999 "HTTP/1.1 404 Not Found"
LOG_INFO:httpx: HTTP Request: GET http://testserver/items/999 "HTTP/1.1 404 Not Found"
LOG_INFO:httpx: HTTP Request: POST http://testserver/login "HTTP/1.1 200 OK"
USING RUNNER: behave.runner:Runner
2 features passed, 0 failed, 0 skipped
34 scenarios passed, 0 failed, 0 skipped
126 steps passed, 0 failed, 0 skipped
Took 0min 2.057s
LOG_INFO:httpx: HTTP Request: GET http://testserver/ "HTTP/1.1 200 OK"
LOG_INFO:httpx: HTTP Request: GET http://testserver/slow "HTTP/1.1 200 OK"
LOG_INFO:httpx: HTTP Request: GET http://testserver/error "HTTP/1.1 500 Internal Server Error"
LOG_INFO:httpx: HTTP Request: GET http://testserver/flaky "HTTP/1.1 200 OK"
LOG_INFO:httpx: HTTP Request: GET http://testserver/chaos "HTTP/1.1 200 OK"
LOG_INFO:httpx: HTTP Request: GET http://testserver/secure "HTTP/1.1 401 Unauthorized"
LOG_INFO:httpx: HTTP Request: GET http://testserver/admin "HTTP/1.1 401 Unauthorized"
LOG_INFO:httpx: HTTP Request: POST http://testserver/login "HTTP/1.1 200 OK"
LOG_INFO:httpx: HTTP Request: POST http://testserver/login "HTTP/1.1 200 OK"
LOG_INFO:httpx: HTTP Request: GET http://testserver/secure "HTTP/1.1 200 OK"
LOG_INFO:httpx: HTTP Request: POST http://testserver/login "HTTP/1.1 200 OK"
LOG_INFO:httpx: HTTP Request: GET http://testserver/admin "HTTP/1.1 200 OK"
LOG_INFO:httpx: HTTP Request: POST http://testserver/submit "HTTP/1.1 200 OK"
LOG_INFO:httpx: HTTP Request: GET http://testserver/items "HTTP/1.1 200 OK"
LOG_INFO:httpx: HTTP Request: POST http://testserver/items "HTTP/1.1 200 OK"
LOG_INFO:httpx: HTTP Request: POST http://testserver/items "HTTP/1.1 200 OK"
LOG_INFO:httpx: HTTP Request: GET http://testserver/items/1 "HTTP/1.1 200 OK"
LOG_INFO:httpx: HTTP Request: POST http://testserver/items "HTTP/1.1 200 OK"
LOG_INFO:httpx: HTTP Request: DELETE http://testserver/items/1 "HTTP/1.1 200 OK"
LOG_INFO:httpx: HTTP Request: POST http://testserver/items "HTTP/1.1 200 OK"
LOG_INFO:httpx: HTTP Request: DELETE http://testserver/items/1 "HTTP/1.1 200 OK"
LOG_INFO:httpx: HTTP Request: GET http://testserver/items/1 "HTTP/1.1 404 Not Found"
LOG_INFO:httpx: HTTP Request: GET http://testserver/ "HTTP/1.1 200 OK"
LOG_INFO:httpx: HTTP Request: GET http://testserver/ "HTTP/1.1 200 OK"
LOG_INFO:httpx: HTTP Request: GET http://testserver/items "HTTP/1.1 200 OK"
LOG_INFO:httpx: HTTP Request: POST http://testserver/items "HTTP/1.1 200 OK"
LOG_INFO:httpx: HTTP Request: POST http://testserver/items "HTTP/1.1 200 OK"
LOG_INFO:httpx: HTTP Request: GET http://testserver/items "HTTP/1.1 200 OK"
LOG_INFO:httpx: HTTP Request: POST http://testserver/items "HTTP/1.1 200 OK"
LOG_INFO:httpx: HTTP Request: GET http://testserver/items/1 "HTTP/1.1 200 OK"
LOG_INFO:httpx: HTTP Request: POST http://testserver/items "HTTP/1.1 200 OK"
LOG_INFO:httpx: HTTP Request: POST http://testserver/items "HTTP/1.1 200 OK"
LOG_INFO:httpx: HTTP Request: GET http://testserver/items/2 "HTTP/1.1 200 OK"
LOG_INFO:httpx: HTTP Request: POST http://testserver/login "HTTP/1.1 200 OK"
LOG_INFO:httpx: HTTP Request: POST http://testserver/login "HTTP/1.1 200 OK"
LOG_INFO:httpx: HTTP Request: GET http://testserver/secure "HTTP/1.1 401 Unauthorized"
LOG_INFO:httpx: HTTP Request: GET http://testserver/admin "HTTP/1.1 401 Unauthorized"
LOG_INFO:httpx: HTTP Request: POST http://testserver/submit "HTTP/1.1 200 OK"
LOG_INFO:httpx: HTTP Request: POST http://testserver/submit "HTTP/1.1 200 OK"
LOG_INFO:httpx: HTTP Request: POST http://testserver/items "HTTP/1.1 200 OK"
LOG_INFO:httpx: HTTP Request: GET http://testserver/flaky "HTTP/1.1 500 Internal Server Error"
LOG_INFO:httpx: HTTP Request: GET http://testserver/chaos "HTTP/1.1 200 OK"
LOG_INFO:httpx: HTTP Request: DELETE http://testserver/items/999 "HTTP/1.1 404 Not Found"
LOG_INFO:httpx: HTTP Request: GET http://testserver/items/999 "HTTP/1.1 404 Not Found"
LOG_INFO:httpx: HTTP Request: POST http://testserver/login "HTTP/1.1 200 OK"
USING RUNNER: behave.runner:Runner
2 features passed, 0 failed, 0 skipped
34 scenarios passed, 0 failed, 0 skipped
126 steps passed, 0 failed, 0 skipped
Took 0min 2.067s
LOG_INFO:httpx: HTTP Request: GET http://testserver/ "HTTP/1.1 200 OK"
LOG_INFO:httpx: HTTP Request: GET http://testserver/slow "HTTP/1.1 200 OK"
LOG_INFO:httpx: HTTP Request: GET http://testserver/error "HTTP/1.1 500 Internal Server Error"
LOG_INFO:httpx: HTTP Request: GET http://testserver/flaky "HTTP/1.1 500 Internal Server Error"
LOG_INFO:httpx: HTTP Request: GET http://testserver/chaos "HTTP/1.1 200 OK"
LOG_INFO:httpx: HTTP Request: GET http://testserver/secure "HTTP/1.1 401 Unauthorized"
LOG_INFO:httpx: HTTP Request: GET http://testserver/admin "HTTP/1.1 401 Unauthorized"
LOG_INFO:httpx: HTTP Request: POST http://testserver/login "HTTP/1.1 200 OK"
LOG_INFO:httpx: HTTP Request: POST http://testserver/login "HTTP/1.1 200 OK"
LOG_INFO:httpx: HTTP Request: GET http://testserver/secure "HTTP/1.1 200 OK"
LOG_INFO:httpx: HTTP Request: POST http://testserver/login "HTTP/1.1 200 OK"
LOG_INFO:httpx: HTTP Request: GET http://testserver/admin "HTTP/1.1 200 OK"
LOG_INFO:httpx: HTTP Request: POST http://testserver/submit "HTTP/1.1 200 OK"
LOG_INFO:httpx: HTTP Request: GET http://testserver/items "HTTP/1.1 200 OK"
LOG_INFO:httpx: HTTP Request: POST http://testserver/items "HTTP/1.1 200 OK"
LOG_INFO:httpx: HTTP Request: POST http://testserver/items "HTTP/1.1 200 OK"
LOG_INFO:httpx: HTTP Request: GET http://testserver/items/1 "HTTP/1.1 200 OK"
LOG_INFO:httpx: HTTP Request: POST http://testserver/items "HTTP/1.1 200 OK"
LOG_INFO:httpx: HTTP Request: DELETE http://testserver/items/1 "HTTP/1.1 200 OK"
LOG_INFO:httpx: HTTP Request: POST http://testserver/items "HTTP/1.1 200 OK"
LOG_INFO:httpx: HTTP Request: DELETE http://testserver/items/1 "HTTP/1.1 200 OK"
LOG_INFO:httpx: HTTP Request: GET http://testserver/items/1 "HTTP/1.1 404 Not Found"
LOG_INFO:httpx: HTTP Request: GET http://testserver/ "HTTP/1.1 200 OK"
LOG_INFO:httpx: HTTP Request: GET http://testserver/ "HTTP/1.1 200 OK"
LOG_INFO:httpx: HTTP Request: GET http://testserver/items "HTTP/1.1 200 OK"
LOG_INFO:httpx: HTTP Request: POST http://testserver/items "HTTP/1.1 200 OK"
LOG_INFO:httpx: HTTP Request: POST http://testserver/items "HTTP/1.1 200 OK"
LOG_INFO:httpx: HTTP Request: GET http://testserver/items "HTTP/1.1 200 OK"
LOG_INFO:httpx: HTTP Request: POST http://testserver/items "HTTP/1.1 200 OK"
LOG_INFO:httpx: HTTP Request: GET http://testserver/items/1 "HTTP/1.1 200 OK"
LOG_INFO:httpx: HTTP Request: POST http://testserver/items "HTTP/1.1 200 OK"
LOG_INFO:httpx: HTTP Request: POST http://testserver/items "HTTP/1.1 200 OK"
LOG_INFO:httpx: HTTP Request: GET http://testserver/items/2 "HTTP/1.1 200 OK"
LOG_INFO:httpx: HTTP Request: POST http://testserver/login "HTTP/1.1 200 OK"
LOG_INFO:httpx: HTTP Request: POST http://testserver/login "HTTP/1.1 200 OK"
LOG_INFO:httpx: HTTP Request: GET http://testserver/secure "HTTP/1.1 401 Unauthorized"
LOG_INFO:httpx: HTTP Request: GET http://testserver/admin "HTTP/1.1 401 Unauthorized"
LOG_INFO:httpx: HTTP Request: POST http://testserver/submit "HTTP/1.1 200 OK"
LOG_INFO:httpx: HTTP Request: POST http://testserver/submit "HTTP/1.1 200 OK"
LOG_INFO:httpx: HTTP Request: POST http://testserver/items "HTTP/1.1 200 OK"
LOG_INFO:httpx: HTTP Request: GET http://testserver/flaky "HTTP/1.1 200 OK"
LOG_INFO:httpx: HTTP Request: GET http://testserver/chaos "HTTP/1.1 200 OK"
LOG_INFO:httpx: HTTP Request: DELETE http://testserver/items/999 "HTTP/1.1 404 Not Found"
LOG_INFO:httpx: HTTP Request: GET http://testserver/items/999 "HTTP/1.1 404 Not Found"
LOG_INFO:httpx: HTTP Request: POST http://testserver/login "HTTP/1.1 200 OK"
USING RUNNER: behave.runner:Runner
2 features passed, 0 failed, 0 skipped
34 scenarios passed, 0 failed, 0 skipped
126 steps passed, 0 failed, 0 skipped
Took 0min 2.058s
LOG_INFO:httpx: HTTP Request: GET http://testserver/ "HTTP/1.1 200 OK"
LOG_INFO:httpx: HTTP Request: GET http://testserver/slow "HTTP/1.1 200 OK"
LOG_INFO:httpx: HTTP Request: GET http://testserver/error "HTTP/1.1 500 Internal Server Error"
LOG_INFO:httpx: HTTP Request: GET http://testserver/flaky "HTTP/1.1 200 OK"
LOG_INFO:httpx: HTTP Request: GET http://testserver/chaos "HTTP/1.1 200 OK"
LOG_INFO:httpx: HTTP Request: GET http://testserver/secure "HTTP/1.1 401 Unauthorized"
LOG_INFO:httpx: HTTP Request: GET http://testserver/admin "HTTP/1.1 401 Unauthorized"
LOG_INFO:httpx: HTTP Request: POST http://testserver/login "HTTP/1.1 200 OK"
LOG_INFO:httpx: HTTP Request: POST http://testserver/login "HTTP/1.1 200 OK"
LOG_INFO:httpx: HTTP Request: GET http://testserver/secure "HTTP/1.1 200 OK"
LOG_INFO:httpx: HTTP Request: POST http://testserver/login "HTTP/1.1 200 OK"
LOG_INFO:httpx: HTTP Request: GET http://testserver/admin "HTTP/1.1 200 OK"
LOG_INFO:httpx: HTTP Request: POST http://testserver/submit "HTTP/1.1 200 OK"
LOG_INFO:httpx: HTTP Request: GET http://testserver/items "HTTP/1.1 200 OK"
LOG_INFO:httpx: HTTP Request: POST http://testserver/items "HTTP/1.1 200 OK"
LOG_INFO:httpx: HTTP Request: POST http://testserver/items "HTTP/1.1 200 OK"
LOG_INFO:httpx: HTTP Request: GET http://testserver/items/1 "HTTP/1.1 200 OK"
LOG_INFO:httpx: HTTP Request: POST http://testserver/items "HTTP/1.1 200 OK"
LOG_INFO:httpx: HTTP Request: DELETE http://testserver/items/1 "HTTP/1.1 200 OK"
LOG_INFO:httpx: HTTP Request: POST http://testserver/items "HTTP/1.1 200 OK"
LOG_INFO:httpx: HTTP Request: DELETE http://testserver/items/1 "HTTP/1.1 200 OK"
LOG_INFO:httpx: HTTP Request: GET http://testserver/items/1 "HTTP/1.1 404 Not Found"
LOG_INFO:httpx: HTTP Request: GET http://testserver/ "HTTP/1.1 200 OK"
LOG_INFO:httpx: HTTP Request: GET http://testserver/ "HTTP/1.1 200 OK"
LOG_INFO:httpx: HTTP Request: GET http://testserver/items "HTTP/1.1 200 OK"
LOG_INFO:httpx: HTTP Request: POST http://testserver/items "HTTP/1.1 200 OK"
LOG_INFO:httpx: HTTP Request: POST http://testserver/items "HTTP/1.1 200 OK"
LOG_INFO:httpx: HTTP Request: GET http://testserver/items "HTTP/1.1 200 OK"
LOG_INFO:httpx: HTTP Request: POST http://testserver/items "HTTP/1.1 200 OK"
LOG_INFO:httpx: HTTP Request: GET http://testserver/items/1 "HTTP/1.1 200 OK"
LOG_INFO:httpx: HTTP Request: POST http://testserver/items "HTTP/1.1 200 OK"
LOG_INFO:httpx: HTTP Request: POST http://testserver/items "HTTP/1.1 200 OK"
LOG_INFO:httpx: HTTP Request: GET http://testserver/items/2 "HTTP/1.1 200 OK"
LOG_INFO:httpx: HTTP Request: POST http://testserver/login "HTTP/1.1 200 OK"
LOG_INFO:httpx: HTTP Request: POST http://testserver/login "HTTP/1.1 200 OK"
LOG_INFO:httpx: HTTP Request: GET http://testserver/secure "HTTP/1.1 401 Unauthorized"
LOG_INFO:httpx: HTTP Request: GET http://testserver/admin "HTTP/1.1 401 Unauthorized"
LOG_INFO:httpx: HTTP Request: POST http://testserver/submit "HTTP/1.1 200 OK"
LOG_INFO:httpx: HTTP Request: POST http://testserver/submit "HTTP/1.1 200 OK"
LOG_INFO:httpx: HTTP Request: POST http://testserver/items "HTTP/1.1 200 OK"
LOG_INFO:httpx: HTTP Request: GET http://testserver/flaky "HTTP/1.1 200 OK"
LOG_INFO:httpx: HTTP Request: GET http://testserver/chaos "HTTP/1.1 200 OK"
LOG_INFO:httpx: HTTP Request: DELETE http://testserver/items/999 "HTTP/1.1 404 Not Found"
LOG_INFO:httpx: HTTP Request: GET http://testserver/items/999 "HTTP/1.1 404 Not Found"
LOG_INFO:httpx: HTTP Request: POST http://testserver/login "HTTP/1.1 200 OK"
USING RUNNER: behave.runner:Runner
2 features passed, 0 failed, 0 skipped
34 scenarios passed, 0 failed, 0 skipped
126 steps passed, 0 failed, 0 skipped
Took 0min 2.059s
LOG_INFO:httpx: HTTP Request: GET http://testserver/ "HTTP/1.1 200 OK"
LOG_INFO:httpx: HTTP Request: GET http://testserver/slow "HTTP/1.1 200 OK"
LOG_INFO:httpx: HTTP Request: GET http://testserver/error "HTTP/1.1 500 Internal Server Error"
LOG_INFO:httpx: HTTP Request: GET http://testserver/flaky "HTTP/1.1 200 OK"
LOG_INFO:httpx: HTTP Request: GET http://testserver/chaos "HTTP/1.1 200 OK"
LOG_INFO:httpx: HTTP Request: GET http://testserver/secure "HTTP/1.1 401 Unauthorized"
LOG_INFO:httpx: HTTP Request: GET http://testserver/admin "HTTP/1.1 401 Unauthorized"
LOG_INFO:httpx: HTTP Request: POST http://testserver/login "HTTP/1.1 200 OK"
LOG_INFO:httpx: HTTP Request: POST http://testserver/login "HTTP/1.1 200 OK"
LOG_INFO:httpx: HTTP Request: GET http://testserver/secure "HTTP/1.1 200 OK"
LOG_INFO:httpx: HTTP Request: POST http://testserver/login "HTTP/1.1 200 OK"
LOG_INFO:httpx: HTTP Request: GET http://testserver/admin "HTTP/1.1 200 OK"
LOG_INFO:httpx: HTTP Request: POST http://testserver/submit "HTTP/1.1 200 OK"
LOG_INFO:httpx: HTTP Request: GET http://testserver/items "HTTP/1.1 200 OK"
LOG_INFO:httpx: HTTP Request: POST http://testserver/items "HTTP/1.1 200 OK"
LOG_INFO:httpx: HTTP Request: POST http://testserver/items "HTTP/1.1 200 OK"
LOG_INFO:httpx: HTTP Request: GET http://testserver/items/1 "HTTP/1.1 200 OK"
LOG_INFO:httpx: HTTP Request: POST http://testserver/items "HTTP/1.1 200 OK"
LOG_INFO:httpx: HTTP Request: DELETE http://testserver/items/1 "HTTP/1.1 200 OK"
LOG_INFO:httpx: HTTP Request: POST http://testserver/items "HTTP/1.1 200 OK"
LOG_INFO:httpx: HTTP Request: DELETE http://testserver/items/1 "HTTP/1.1 200 OK"
LOG_INFO:httpx: HTTP Request: GET http://testserver/items/1 "HTTP/1.1 404 Not Found"
LOG_INFO:httpx: HTTP Request: GET http://testserver/ "HTTP/1.1 200 OK"
LOG_INFO:httpx: HTTP Request: GET http://testserver/ "HTTP/1.1 200 OK"
LOG_INFO:httpx: HTTP Request: GET http://testserver/items "HTTP/1.1 200 OK"
LOG_INFO:httpx: HTTP Request: POST http://testserver/items "HTTP/1.1 200 OK"
LOG_INFO:httpx: HTTP Request: POST http://testserver/items "HTTP/1.1 200 OK"
LOG_INFO:httpx: HTTP Request: GET http://testserver/items "HTTP/1.1 200 OK"
LOG_INFO:httpx: HTTP Request: POST http://testserver/items "HTTP/1.1 200 OK"
LOG_INFO:httpx: HTTP Request: GET http://testserver/items/1 "HTTP/1.1 200 OK"
LOG_INFO:httpx: HTTP Request: POST http://testserver/items "HTTP/1.1 200 OK"
LOG_INFO:httpx: HTTP Request: POST http://testserver/items "HTTP/1.1 200 OK"
LOG_INFO:httpx: HTTP Request: GET http://testserver/items/2 "HTTP/1.1 200 OK"
LOG_INFO:httpx: HTTP Request: POST http://testserver/login "HTTP/1.1 200 OK"
LOG_INFO:httpx: HTTP Request: POST http://testserver/login "HTTP/1.1 200 OK"
LOG_INFO:httpx: HTTP Request: GET http://testserver/secure "HTTP/1.1 401 Unauthorized"
LOG_INFO:httpx: HTTP Request: GET http://testserver/admin "HTTP/1.1 401 Unauthorized"
LOG_INFO:httpx: HTTP Request: POST http://testserver/submit "HTTP/1.1 200 OK"
LOG_INFO:httpx: HTTP Request: POST http://testserver/submit "HTTP/1.1 200 OK"
LOG_INFO:httpx: HTTP Request: POST http://testserver/items "HTTP/1.1 200 OK"
LOG_INFO:httpx: HTTP Request: GET http://testserver/flaky "HTTP/1.1 200 OK"
LOG_INFO:httpx: HTTP Request: GET http://testserver/chaos "HTTP/1.1 500 Internal Server Error"
LOG_INFO:httpx: HTTP Request: DELETE http://testserver/items/999 "HTTP/1.1 404 Not Found"
LOG_INFO:httpx: HTTP Request: GET http://testserver/items/999 "HTTP/1.1 404 Not Found"
LOG_INFO:httpx: HTTP Request: POST http://testserver/login "HTTP/1.1 200 OK"
USING RUNNER: behave.runner:Runner
2 features passed, 0 failed, 0 skipped
34 scenarios passed, 0 failed, 0 skipped
126 steps passed, 0 failed, 0 skipped
Took 0min 2.056s
LOG_INFO:httpx: HTTP Request: GET http://testserver/ "HTTP/1.1 200 OK"
LOG_INFO:httpx: HTTP Request: GET http://testserver/slow "HTTP/1.1 200 OK"
LOG_INFO:httpx: HTTP Request: GET http://testserver/error "HTTP/1.1 500 Internal Server Error"
LOG_INFO:httpx: HTTP Request: GET http://testserver/flaky "HTTP/1.1 200 OK"
LOG_INFO:httpx: HTTP Request: GET http://testserver/chaos "HTTP/1.1 200 OK"
LOG_INFO:httpx: HTTP Request: GET http://testserver/secure "HTTP/1.1 401 Unauthorized"
LOG_INFO:httpx: HTTP Request: GET http://testserver/admin "HTTP/1.1 401 Unauthorized"
LOG_INFO:httpx: HTTP Request: POST http://testserver/login "HTTP/1.1 200 OK"
LOG_INFO:httpx: HTTP Request: POST http://testserver/login "HTTP/1.1 200 OK"
LOG_INFO:httpx: HTTP Request: GET http://testserver/secure "HTTP/1.1 200 OK"
LOG_INFO:httpx: HTTP Request: POST http://testserver/login "HTTP/1.1 200 OK"
LOG_INFO:httpx: HTTP Request: GET http://testserver/admin "HTTP/1.1 200 OK"
LOG_INFO:httpx: HTTP Request: POST http://testserver/submit "HTTP/1.1 200 OK"
LOG_INFO:httpx: HTTP Request: GET http://testserver/items "HTTP/1.1 200 OK"
LOG_INFO:httpx: HTTP Request: POST http://testserver/items "HTTP/1.1 200 OK"
LOG_INFO:httpx: HTTP Request: POST http://testserver/items "HTTP/1.1 200 OK"
LOG_INFO:httpx: HTTP Request: GET http://testserver/items/1 "HTTP/1.1 200 OK"
LOG_INFO:httpx: HTTP Request: POST http://testserver/items "HTTP/1.1 200 OK"
LOG_INFO:httpx: HTTP Request: DELETE http://testserver/items/1 "HTTP/1.1 200 OK"
LOG_INFO:httpx: HTTP Request: POST http://testserver/items "HTTP/1.1 200 OK"
LOG_INFO:httpx: HTTP Request: DELETE http://testserver/items/1 "HTTP/1.1 200 OK"
LOG_INFO:httpx: HTTP Request: GET http://testserver/items/1 "HTTP/1.1 404 Not Found"
LOG_INFO:httpx: HTTP Request: GET http://testserver/ "HTTP/1.1 200 OK"
LOG_INFO:httpx: HTTP Request: GET http://testserver/ "HTTP/1.1 200 OK"
LOG_INFO:httpx: HTTP Request: GET http://testserver/items "HTTP/1.1 200 OK"
LOG_INFO:httpx: HTTP Request: POST http://testserver/items "HTTP/1.1 200 OK"
LOG_INFO:httpx: HTTP Request: POST http://testserver/items "HTTP/1.1 200 OK"
LOG_INFO:httpx: HTTP Request: GET http://testserver/items "HTTP/1.1 200 OK"
LOG_INFO:httpx: HTTP Request: POST http://testserver/items "HTTP/1.1 200 OK"
LOG_INFO:httpx: HTTP Request: GET http://testserver/items/1 "HTTP/1.1 200 OK"
LOG_INFO:httpx: HTTP Request: POST http://testserver/items "HTTP/1.1 200 OK"
LOG_INFO:httpx: HTTP Request: POST http://testserver/items "HTTP/1.1 200 OK"
LOG_INFO:httpx: HTTP Request: GET http://testserver/items/2 "HTTP/1.1 200 OK"
LOG_INFO:httpx: HTTP Request: POST http://testserver/login "HTTP/1.1 200 OK"
LOG_INFO:httpx: HTTP Request: POST http://testserver/login "HTTP/1.1 200 OK"
LOG_INFO:httpx: HTTP Request: GET http://testserver/secure "HTTP/1.1 401 Unauthorized"
LOG_INFO:httpx: HTTP Request: GET http://testserver/admin "HTTP/1.1 401 Unauthorized"
LOG_INFO:httpx: HTTP Request: POST http://testserver/submit "HTTP/1.1 200 OK"
LOG_INFO:httpx: HTTP Request: POST http://testserver/submit "HTTP/1.1 200 OK"
LOG_INFO:httpx: HTTP Request: POST http://testserver/items "HTTP/1.1 200 OK"
LOG_INFO:httpx: HTTP Request: GET http://testserver/flaky "HTTP/1.1 200 OK"
LOG_INFO:httpx: HTTP Request: GET http://testserver/chaos "HTTP/1.1 200 OK"
LOG_INFO:httpx: HTTP Request: DELETE http://testserver/items/999 "HTTP/1.1 404 Not Found"
LOG_INFO:httpx: HTTP Request: GET http://testserver/items/999 "HTTP/1.1 404 Not Found"
LOG_INFO:httpx: HTTP Request: POST http://testserver/login "HTTP/1.1 200 OK"
USING RUNNER: behave.runner:Runner
2 features passed, 0 failed, 0 skipped
34 scenarios passed, 0 failed, 0 skipped
126 steps passed, 0 failed, 0 skipped
Took 0min 2.066s
LOG_INFO:httpx: HTTP Request: GET http://testserver/ "HTTP/1.1 200 OK"
LOG_INFO:httpx: HTTP Request: GET http://testserver/slow "HTTP/1.1 200 OK"
LOG_INFO:httpx: HTTP Request: GET http://testserver/error "HTTP/1.1 500 Internal Server Error"
LOG_INFO:httpx: HTTP Request: GET http://testserver/flaky "HTTP/1.1 200 OK"
LOG_INFO:httpx: HTTP Request: GET http://testserver/chaos "HTTP/1.1 200 OK"
LOG_INFO:httpx: HTTP Request: GET http://testserver/secure "HTTP/1.1 401 Unauthorized"
LOG_INFO:httpx: HTTP Request: GET http://testserver/admin "HTTP/1.1 401 Unauthorized"
LOG_INFO:httpx: HTTP Request: POST http://testserver/login "HTTP/1.1 200 OK"
LOG_INFO:httpx: HTTP Request: POST http://testserver/login "HTTP/1.1 200 OK"
LOG_INFO:httpx: HTTP Request: GET http://testserver/secure "HTTP/1.1 200 OK"
LOG_INFO:httpx: HTTP Request: POST http://testserver/login "HTTP/1.1 200 OK"
LOG_INFO:httpx: HTTP Request: GET http://testserver/admin "HTTP/1.1 200 OK"
LOG_INFO:httpx: HTTP Request: POST http://testserver/submit "HTTP/1.1 200 OK"
LOG_INFO:httpx: HTTP Request: GET http://testserver/items "HTTP/1.1 200 OK"
LOG_INFO:httpx: HTTP Request: POST http://testserver/items "HTTP/1.1 200 OK"
LOG_INFO:httpx: HTTP Request: POST http://testserver/items "HTTP/1.1 200 OK"
LOG_INFO:httpx: HTTP Request: GET http://testserver/items/1 "HTTP/1.1 200 OK"
LOG_INFO:httpx: HTTP Request: POST http://testserver/items "HTTP/1.1 200 OK"
LOG_INFO:httpx: HTTP Request: DELETE http://testserver/items/1 "HTTP/1.1 200 OK"
LOG_INFO:httpx: HTTP Request: POST http://testserver/items "HTTP/1.1 200 OK"
LOG_INFO:httpx: HTTP Request: DELETE http://testserver/items/1 "HTTP/1.1 200 OK"
LOG_INFO:httpx: HTTP Request: GET http://testserver/items/1 "HTTP/1.1 404 Not Found"
LOG_INFO:httpx: HTTP Request: GET http://testserver/ "HTTP/1.1 200 OK"
LOG_INFO:httpx: HTTP Request: GET http://testserver/ "HTTP/1.1 200 OK"
LOG_INFO:httpx: HTTP Request: GET http://testserver/items "HTTP/1.1 200 OK"
LOG_INFO:httpx: HTTP Request: POST http://testserver/items "HTTP/1.1 200 OK"
LOG_INFO:httpx: HTTP Request: POST http://testserver/items "HTTP/1.1 200 OK"
LOG_INFO:httpx: HTTP Request: GET http://testserver/items "HTTP/1.1 200 OK"
LOG_INFO:httpx: HTTP Request: POST http://testserver/items "HTTP/1.1 200 OK"
LOG_INFO:httpx: HTTP Request: GET http://testserver/items/1 "HTTP/1.1 200 OK"
LOG_INFO:httpx: HTTP Request: POST http://testserver/items "HTTP/1.1 200 OK"
LOG_INFO:httpx: HTTP Request: POST http://testserver/items "HTTP/1.1 200 OK"
LOG_INFO:httpx: HTTP Request: GET http://testserver/items/2 "HTTP/1.1 200 OK"
LOG_INFO:httpx: HTTP Request: POST http://testserver/login "HTTP/1.1 200 OK"
LOG_INFO:httpx: HTTP Request: POST http://testserver/login "HTTP/1.1 200 OK"
LOG_INFO:httpx: HTTP Request: GET http://testserver/secure "HTTP/1.1 401 Unauthorized"
LOG_INFO:httpx: HTTP Request: GET http://testserver/admin "HTTP/1.1 401 Unauthorized"
LOG_INFO:httpx: HTTP Request: POST http://testserver/submit "HTTP/1.1 200 OK"
LOG_INFO:httpx: HTTP Request: POST http://testserver/submit "HTTP/1.1 200 OK"
LOG_INFO:httpx: HTTP Request: POST http://testserver/items "HTTP/1.1 200 OK"
LOG_INFO:httpx: HTTP Request: GET http://testserver/flaky "HTTP/1.1 200 OK"
LOG_INFO:httpx: HTTP Request: GET http://testserver/chaos "HTTP/1.1 500 Internal Server Error"
LOG_INFO:httpx: HTTP Request: DELETE http://testserver/items/999 "HTTP/1.1 404 Not Found"
LOG_INFO:httpx: HTTP Request: GET http://testserver/items/999 "HTTP/1.1 404 Not Found"
LOG_INFO:httpx: HTTP Request: POST http://testserver/login "HTTP/1.1 200 OK"
USING RUNNER: behave.runner:Runner
2 features passed, 0 failed, 0 skipped
34 scenarios passed, 0 failed, 0 skipped
126 steps passed, 0 failed, 0 skipped
Took 0min 2.057s
